{"C:\\Users\\Peter\\Documents\\node_static-files-server\\src\\app.js": {"path":"C:\\Users\\Peter\\Documents\\node_static-files-server\\src\\app.js","statementMap":{"0":{"start":{"line":4,"column":25},"end":{"line":4,"column":50}},"1":{"start":{"line":6,"column":0},"end":{"line":9,"column":3}},"2":{"start":{"line":7,"column":2},"end":{"line":7,"column":66}},"3":{"start":{"line":8,"column":2},"end":{"line":8,"column":52}}},"fnMap":{"0":{"name":"(anonymous_0)","decl":{"start":{"line":6,"column":28},"end":{"line":6,"column":29}},"loc":{"start":{"line":6,"column":34},"end":{"line":9,"column":1}},"line":6}},"branchMap":{},"s":{"0":0,"1":0,"2":0,"3":0},"f":{"0":0},"b":{}}
,"C:\\Users\\Peter\\Documents\\node_static-files-server\\src\\createServer.js": {"path":"C:\\Users\\Peter\\Documents\\node_static-files-server\\src\\createServer.js","statementMap":{"0":{"start":{"line":3,"column":13},"end":{"line":3,"column":28}},"1":{"start":{"line":4,"column":13},"end":{"line":4,"column":28}},"2":{"start":{"line":5,"column":11},"end":{"line":5,"column":24}},"3":{"start":{"line":8,"column":2},"end":{"line":73,"column":5}},"4":{"start":{"line":9,"column":4},"end":{"line":12,"column":5}},"5":{"start":{"line":10,"column":6},"end":{"line":10,"column":27}},"6":{"start":{"line":11,"column":6},"end":{"line":11,"column":36}},"7":{"start":{"line":14,"column":26},"end":{"line":14,"column":53}},"8":{"start":{"line":15,"column":22},"end":{"line":15,"column":30}},"9":{"start":{"line":17,"column":4},"end":{"line":21,"column":5}},"10":{"start":{"line":18,"column":6},"end":{"line":18,"column":27}},"11":{"start":{"line":19,"column":6},"end":{"line":19,"column":50}},"12":{"start":{"line":20,"column":6},"end":{"line":20,"column":54}},"13":{"start":{"line":23,"column":25},"end":{"line":23,"column":62}},"14":{"start":{"line":24,"column":31},"end":{"line":24,"column":79}},"15":{"start":{"line":27,"column":4},"end":{"line":33,"column":5}},"16":{"start":{"line":31,"column":6},"end":{"line":31,"column":27}},"17":{"start":{"line":32,"column":6},"end":{"line":32,"column":48}},"18":{"start":{"line":35,"column":22},"end":{"line":35,"column":58}},"19":{"start":{"line":36,"column":21},"end":{"line":36,"column":55}},"20":{"start":{"line":37,"column":27},"end":{"line":37,"column":51}},"21":{"start":{"line":40,"column":4},"end":{"line":43,"column":5}},"22":{"start":{"line":41,"column":6},"end":{"line":41,"column":27}},"23":{"start":{"line":42,"column":6},"end":{"line":42,"column":37}},"24":{"start":{"line":45,"column":4},"end":{"line":72,"column":7}},"25":{"start":{"line":46,"column":6},"end":{"line":49,"column":7}},"26":{"start":{"line":47,"column":8},"end":{"line":47,"column":29}},"27":{"start":{"line":48,"column":8},"end":{"line":48,"column":41}},"28":{"start":{"line":51,"column":21},"end":{"line":51,"column":56}},"29":{"start":{"line":53,"column":6},"end":{"line":56,"column":9}},"30":{"start":{"line":54,"column":8},"end":{"line":54,"column":29}},"31":{"start":{"line":55,"column":8},"end":{"line":55,"column":41}},"32":{"start":{"line":58,"column":18},"end":{"line":58,"column":60}},"33":{"start":{"line":59,"column":26},"end":{"line":67,"column":42}},"34":{"start":{"line":69,"column":6},"end":{"line":69,"column":27}},"35":{"start":{"line":70,"column":6},"end":{"line":70,"column":49}},"36":{"start":{"line":71,"column":6},"end":{"line":71,"column":23}},"37":{"start":{"line":76,"column":0},"end":{"line":76,"column":34}}},"fnMap":{"0":{"name":"createServer","decl":{"start":{"line":7,"column":9},"end":{"line":7,"column":21}},"loc":{"start":{"line":7,"column":24},"end":{"line":74,"column":1}},"line":7},"1":{"name":"(anonymous_1)","decl":{"start":{"line":8,"column":27},"end":{"line":8,"column":28}},"loc":{"start":{"line":8,"column":41},"end":{"line":73,"column":3}},"line":8},"2":{"name":"(anonymous_2)","decl":{"start":{"line":45,"column":28},"end":{"line":45,"column":29}},"loc":{"start":{"line":45,"column":44},"end":{"line":72,"column":5}},"line":45},"3":{"name":"(anonymous_3)","decl":{"start":{"line":53,"column":25},"end":{"line":53,"column":26}},"loc":{"start":{"line":53,"column":31},"end":{"line":56,"column":7}},"line":53}},"branchMap":{"0":{"loc":{"start":{"line":9,"column":4},"end":{"line":12,"column":5}},"type":"if","locations":[{"start":{"line":9,"column":4},"end":{"line":12,"column":5}},{"start":{},"end":{}}],"line":9},"1":{"loc":{"start":{"line":17,"column":4},"end":{"line":21,"column":5}},"type":"if","locations":[{"start":{"line":17,"column":4},"end":{"line":21,"column":5}},{"start":{},"end":{}}],"line":17},"2":{"loc":{"start":{"line":27,"column":4},"end":{"line":33,"column":5}},"type":"if","locations":[{"start":{"line":27,"column":4},"end":{"line":33,"column":5}},{"start":{},"end":{}}],"line":27},"3":{"loc":{"start":{"line":27,"column":8},"end":{"line":30,"column":37}},"type":"binary-expr","locations":[{"start":{"line":27,"column":8},"end":{"line":27,"column":36}},{"start":{"line":28,"column":8},"end":{"line":28,"column":37}},{"start":{"line":29,"column":8},"end":{"line":29,"column":42}},{"start":{"line":30,"column":8},"end":{"line":30,"column":37}}],"line":27},"4":{"loc":{"start":{"line":40,"column":4},"end":{"line":43,"column":5}},"type":"if","locations":[{"start":{"line":40,"column":4},"end":{"line":43,"column":5}},{"start":{},"end":{}}],"line":40},"5":{"loc":{"start":{"line":46,"column":6},"end":{"line":49,"column":7}},"type":"if","locations":[{"start":{"line":46,"column":6},"end":{"line":49,"column":7}},{"start":{},"end":{}}],"line":46},"6":{"loc":{"start":{"line":46,"column":10},"end":{"line":46,"column":32}},"type":"binary-expr","locations":[{"start":{"line":46,"column":10},"end":{"line":46,"column":13}},{"start":{"line":46,"column":17},"end":{"line":46,"column":32}}],"line":46},"7":{"loc":{"start":{"line":59,"column":26},"end":{"line":67,"column":42}},"type":"binary-expr","locations":[{"start":{"line":59,"column":26},"end":{"line":67,"column":12}},{"start":{"line":67,"column":16},"end":{"line":67,"column":42}}],"line":59}},"s":{"0":1,"1":1,"2":1,"3":1,"4":2,"5":0,"6":0,"7":2,"8":2,"9":2,"10":1,"11":1,"12":1,"13":1,"14":1,"15":1,"16":0,"17":0,"18":1,"19":1,"20":1,"21":1,"22":0,"23":0,"24":1,"25":1,"26":0,"27":0,"28":1,"29":1,"30":0,"31":0,"32":1,"33":1,"34":1,"35":1,"36":1,"37":1},"f":{"0":1,"1":2,"2":1,"3":0},"b":{"0":[0,2],"1":[1,1],"2":[0,1],"3":[1,1,1,1],"4":[0,1],"5":[0,1],"6":[1,1],"7":[1,0]},"_coverageSchema":"1a1c01bbd47fc00a2c39e90264f33305004495a9","hash":"39a923dfe61eba98d838c06032b3773328e4acf6"}
}
