TN:
SF:src\app.js
FN:6,(anonymous_0)
FNF:1
FNH:0
FNDA:0,(anonymous_0)
DA:4,0
DA:6,0
DA:7,0
DA:8,0
LF:4
LH:0
BRF:0
BRH:0
end_of_record
TN:
SF:src\createServer.js
FN:7,createServer
FN:8,(anonymous_1)
FN:45,(anonymous_2)
FN:53,(anonymous_3)
FNF:4
FNH:3
FNDA:1,createServer
FNDA:2,(anonymous_1)
FNDA:1,(anonymous_2)
FNDA:0,(anonymous_3)
DA:3,1
DA:4,1
DA:5,1
DA:8,1
DA:9,2
DA:10,0
DA:11,0
DA:14,2
DA:15,2
DA:17,2
DA:18,1
DA:19,1
DA:20,1
DA:23,1
DA:24,1
DA:27,1
DA:31,0
DA:32,0
DA:35,1
DA:36,1
DA:37,1
DA:40,1
DA:41,0
DA:42,0
DA:45,1
DA:46,1
DA:47,0
DA:48,0
DA:51,1
DA:53,1
DA:54,0
DA:55,0
DA:58,1
DA:59,1
DA:69,1
DA:70,1
DA:71,1
DA:76,1
LF:38
LH:28
BRDA:9,0,0,0
BRDA:9,0,1,2
BRDA:17,1,0,1
BRDA:17,1,1,1
BRDA:27,2,0,0
BRDA:27,2,1,1
BRDA:27,3,0,1
BRDA:27,3,1,1
BRDA:27,3,2,1
BRDA:27,3,3,1
BRDA:40,4,0,0
BRDA:40,4,1,1
BRDA:46,5,0,0
BRDA:46,5,1,1
BRDA:46,6,0,1
BRDA:46,6,1,1
BRDA:59,7,0,1
BRDA:59,7,1,0
BRF:18
BRH:13
end_of_record
